2025-06-18 07:44:21,148 INFO o.a.j.u.JMeterUtils: Setting Locale to en_EN
2025-06-18 07:44:21,163 INFO o.a.j.JMeter: Loading user properties from: C:\Program Files\apache-jmeter-5.6.3\apache-jmeter-5.6.3\bin\user.properties
2025-06-18 07:44:21,179 INFO o.a.j.JMeter: Loading system properties from: C:\Program Files\apache-jmeter-5.6.3\apache-jmeter-5.6.3\bin\system.properties
2025-06-18 07:44:21,179 INFO o.a.j.JMeter: Copyright (c) 1998-2024 The Apache Software Foundation
2025-06-18 07:44:21,179 INFO o.a.j.JMeter: Version 5.6.3
2025-06-18 07:44:21,179 INFO o.a.j.JMeter: java.version=23.0.1
2025-06-18 07:44:21,179 INFO o.a.j.JMeter: java.vm.name=Java HotSpot(TM) 64-Bit Server VM
2025-06-18 07:44:21,179 INFO o.a.j.JMeter: os.name=Windows 11
2025-06-18 07:44:21,179 INFO o.a.j.JMeter: os.arch=amd64
2025-06-18 07:44:21,179 INFO o.a.j.JMeter: os.version=10.0
2025-06-18 07:44:21,179 INFO o.a.j.JMeter: file.encoding=UTF-8
2025-06-18 07:44:21,179 INFO o.a.j.JMeter: java.awt.headless=true
2025-06-18 07:44:21,179 INFO o.a.j.JMeter: Max memory     =1073741824
2025-06-18 07:44:21,179 INFO o.a.j.JMeter: Available Processors =12
2025-06-18 07:44:21,195 INFO o.a.j.JMeter: Default Locale=English (EN)
2025-06-18 07:44:21,195 INFO o.a.j.JMeter: JMeter  Locale=English (EN)
2025-06-18 07:44:21,195 INFO o.a.j.JMeter: JMeterHome=C:\Program Files\apache-jmeter-5.6.3\apache-jmeter-5.6.3
2025-06-18 07:44:21,195 INFO o.a.j.JMeter: user.dir  =C:\03JOB SEARCH\04ForgeGuard\ForgeGuard\ForgeScale
2025-06-18 07:44:21,195 INFO o.a.j.JMeter: PWD       =C:\03JOB SEARCH\04ForgeGuard\ForgeGuard\ForgeScale
2025-06-18 07:44:21,227 INFO o.a.j.JMeter: IP: 192.168.0.14 Name: AleHomeLab FullName: 192.168.0.14
2025-06-18 07:44:21,227 INFO o.a.j.JMeter: Setting property 'jmeter.reportgenerator.outputdir' to:'C:\03JOB SEARCH\04ForgeGuard\ForgeGuard\ForgeScale\jmeter-tests\reports\login_20250618_074419'
2025-06-18 07:44:21,227 INFO o.a.j.s.FileServer: Default base='C:\03JOB SEARCH\04ForgeGuard\ForgeGuard\ForgeScale'
2025-06-18 07:44:21,227 INFO o.a.j.s.FileServer: Set new base='C:\03JOB SEARCH\04ForgeGuard\ForgeGuard\ForgeScale\jmeter-tests\plans'
2025-06-18 07:44:21,497 INFO o.a.j.s.SaveService: Testplan (JMX) version: 2.2. Testlog (JTL) version: 2.2
2025-06-18 07:44:21,547 INFO o.a.j.s.SaveService: Using SaveService properties version 5.0
2025-06-18 07:44:21,547 INFO o.a.j.s.SaveService: Using SaveService properties file encoding UTF-8
2025-06-18 07:44:21,547 INFO o.a.j.s.SaveService: Loading file: jmeter-tests\plans\jmeter_login_test_authenticate.jmx
2025-06-18 07:44:21,609 INFO o.a.j.p.h.s.HTTPSamplerBase: Parser for text/html is org.apache.jmeter.protocol.http.parser.LagartoBasedHtmlParser
2025-06-18 07:44:21,609 INFO o.a.j.p.h.s.HTTPSamplerBase: Parser for application/xhtml+xml is org.apache.jmeter.protocol.http.parser.LagartoBasedHtmlParser
2025-06-18 07:44:21,609 INFO o.a.j.p.h.s.HTTPSamplerBase: Parser for application/xml is org.apache.jmeter.protocol.http.parser.LagartoBasedHtmlParser
2025-06-18 07:44:21,609 INFO o.a.j.p.h.s.HTTPSamplerBase: Parser for text/xml is org.apache.jmeter.protocol.http.parser.LagartoBasedHtmlParser
2025-06-18 07:44:21,609 INFO o.a.j.p.h.s.HTTPSamplerBase: Parser for text/vnd.wap.wml is org.apache.jmeter.protocol.http.parser.RegexpHTMLParser
2025-06-18 07:44:21,609 INFO o.a.j.p.h.s.HTTPSamplerBase: Parser for text/css is org.apache.jmeter.protocol.http.parser.CssParser
2025-06-18 07:44:21,609 INFO o.a.j.JMeter: Creating summariser <summary>
2025-06-18 07:44:21,624 INFO o.a.j.r.d.ReportGenerator: ReportGenerator will use for Parsing the separator: ','
2025-06-18 07:44:21,624 INFO o.a.j.r.d.ReportGenerator: Will generate report at end of test from  results file: jmeter-tests/results/login_20250618_074419.jtl
2025-06-18 07:44:21,624 INFO o.a.j.r.d.ReportGenerator: Reading report generator properties from: C:\Program Files\apache-jmeter-5.6.3\apache-jmeter-5.6.3\bin\reportgenerator.properties
2025-06-18 07:44:21,624 INFO o.a.j.r.d.ReportGenerator: Merging with JMeter properties
2025-06-18 07:44:21,624 INFO o.a.j.r.c.ReportGeneratorConfiguration: Property 'jmeter.reportgenerator.temp_dir' not found, using default value 'temp' instead.
2025-06-18 07:44:21,624 INFO o.a.j.r.c.ReportGeneratorConfiguration: Property 'jmeter.reportgenerator.apdex_per_transaction' not found, using default value 'null' instead.
2025-06-18 07:44:21,624 INFO o.a.j.r.c.ReportGeneratorConfiguration: apdex_per_transaction is empty, not APDEX per transaction customization
2025-06-18 07:44:21,624 INFO o.a.j.r.c.ReportGeneratorConfiguration: Property 'jmeter.reportgenerator.sample_filter' not found, using default value 'null' instead.
2025-06-18 07:44:21,624 INFO o.a.j.r.c.ReportGeneratorConfiguration: Property 'jmeter.reportgenerator.report_title' not found, using default value 'null' instead.
2025-06-18 07:44:21,624 INFO o.a.j.r.c.ReportGeneratorConfiguration: Property 'jmeter.reportgenerator.start_date' not found, using default value 'null' instead.
2025-06-18 07:44:21,624 INFO o.a.j.r.c.ReportGeneratorConfiguration: Property 'jmeter.reportgenerator.end_date' not found, using default value 'null' instead.
2025-06-18 07:44:21,624 INFO o.a.j.r.c.ReportGeneratorConfiguration: Property 'jmeter.reportgenerator.date_format' not found, using default value 'null' instead.
2025-06-18 07:44:21,624 INFO o.a.j.r.c.ReportGeneratorConfiguration: Will use date range start date: null, end date: null
2025-06-18 07:44:21,640 INFO o.a.j.r.c.ReportGeneratorConfiguration: Property 'jmeter.reportgenerator.graph.totalTPS.exclude_controllers' not found, using default value 'false' instead.
2025-06-18 07:44:21,640 INFO o.a.j.r.c.ReportGeneratorConfiguration: Property 'jmeter.reportgenerator.graph.activeThreadsOverTime.exclude_controllers' not found, using default value 'false' instead.
2025-06-18 07:44:21,640 INFO o.a.j.r.c.ReportGeneratorConfiguration: Property 'jmeter.reportgenerator.graph.timeVsThreads.exclude_controllers' not found, using default value 'false' instead.
2025-06-18 07:44:21,640 INFO o.a.j.r.c.ReportGeneratorConfiguration: Property 'jmeter.reportgenerator.graph.responseTimeDistribution.exclude_controllers' not found, using default value 'false' instead.
2025-06-18 07:44:21,640 INFO o.a.j.r.c.ReportGeneratorConfiguration: Property 'jmeter.reportgenerator.graph.transactionsPerSecond.exclude_controllers' not found, using default value 'false' instead.
2025-06-18 07:44:21,640 INFO o.a.j.r.c.ReportGeneratorConfiguration: Property 'jmeter.reportgenerator.graph.responseTimePercentiles.exclude_controllers' not found, using default value 'false' instead.
2025-06-18 07:44:21,640 INFO o.a.j.r.c.ReportGeneratorConfiguration: Property 'jmeter.reportgenerator.graph.responseTimePercentilesOverTime.exclude_controllers' not found, using default value 'false' instead.
2025-06-18 07:44:21,640 INFO o.a.j.r.c.ReportGeneratorConfiguration: Property 'jmeter.reportgenerator.graph.responseTimesOverTime.exclude_controllers' not found, using default value 'false' instead.
2025-06-18 07:44:21,640 INFO o.a.j.r.c.ReportGeneratorConfiguration: Property 'jmeter.reportgenerator.graph.connectTimeOverTime.exclude_controllers' not found, using default value 'false' instead.
2025-06-18 07:44:21,640 INFO o.a.j.r.c.ReportGeneratorConfiguration: Property 'jmeter.reportgenerator.graph.latenciesOverTime.exclude_controllers' not found, using default value 'false' instead.
2025-06-18 07:44:21,640 INFO o.a.j.r.c.ReportGeneratorConfiguration: Property 'jmeter.reportgenerator.exporter.json.filters_only_sample_series' not found, using default value 'true' instead.
2025-06-18 07:44:21,640 INFO o.a.j.r.c.ReportGeneratorConfiguration: Property 'jmeter.reportgenerator.exporter.json.series_filter' not found, using default value '' instead.
2025-06-18 07:44:21,640 INFO o.a.j.r.c.ReportGeneratorConfiguration: Property 'jmeter.reportgenerator.exporter.json.show_controllers_only' not found, using default value 'false' instead.
2025-06-18 07:44:21,640 INFO o.a.j.r.c.ReportGeneratorConfiguration: Property 'jmeter.reportgenerator.exporter.html.filters_only_sample_series' not found, using default value 'true' instead.
2025-06-18 07:44:21,640 INFO o.a.j.r.c.ReportGeneratorConfiguration: Property 'jmeter.reportgenerator.exporter.html.series_filter' not found, using default value '' instead.
2025-06-18 07:44:21,640 INFO o.a.j.r.c.ReportGeneratorConfiguration: Property 'jmeter.reportgenerator.exporter.html.show_controllers_only' not found, using default value 'false' instead.
2025-06-18 07:44:21,656 INFO o.a.j.e.StandardJMeterEngine: Running the test!
2025-06-18 07:44:21,656 INFO o.a.j.s.SampleEvent: List of sample_variables: []
2025-06-18 07:44:21,656 INFO o.a.j.s.SampleEvent: List of sample_variables: []
2025-06-18 07:44:21,656 INFO o.a.j.e.u.CompoundVariable: Note: Function class names must contain the string: '.functions.'
2025-06-18 07:44:21,656 INFO o.a.j.e.u.CompoundVariable: Note: Function class names must not contain the string: '.gui.'
2025-06-18 07:44:21,720 INFO o.a.j.JMeter: Running test (1750243461720)
2025-06-18 07:44:21,736 INFO o.a.j.e.StandardJMeterEngine: Starting ThreadGroup: 1 : Login Users
2025-06-18 07:44:21,736 INFO o.a.j.e.StandardJMeterEngine: Starting 10 threads for group Login Users.
2025-06-18 07:44:21,736 INFO o.a.j.e.StandardJMeterEngine: Thread will continue on error
2025-06-18 07:44:21,736 INFO o.a.j.t.ThreadGroup: Starting thread group... number=1 threads=10 ramp-up=10 delayedStart=false
2025-06-18 07:44:21,753 INFO o.a.j.t.ThreadGroup: Started thread group number 1
2025-06-18 07:44:21,753 INFO o.a.j.e.StandardJMeterEngine: All thread groups have been started
2025-06-18 07:44:21,760 INFO o.a.j.t.JMeterThread: Thread started: Login Users 1-1
2025-06-18 07:44:21,760 INFO o.a.j.p.h.s.HTTPHCAbstractImpl: Local host = AleHomeLab
2025-06-18 07:44:21,775 INFO o.a.j.p.h.s.HTTPHC4Impl: HTTP request retry count = 0
2025-06-18 07:44:21,775 INFO o.a.j.s.SampleResult: Note: Sample TimeStamps are START times
2025-06-18 07:44:21,775 INFO o.a.j.s.SampleResult: sampleresult.default.encoding is set to UTF-8
2025-06-18 07:44:21,775 INFO o.a.j.s.SampleResult: sampleresult.useNanoTime=true
2025-06-18 07:44:21,775 INFO o.a.j.s.SampleResult: sampleresult.nanoThreadSleep=5000
2025-06-18 07:44:22,132 INFO o.a.j.p.h.s.h.LazyLayeredConnectionSocketFactory: Setting up HTTPS TrustAll Socket Factory
2025-06-18 07:44:22,137 INFO o.a.j.u.JsseSSLManager: Using default SSL protocol: TLS
2025-06-18 07:44:22,137 INFO o.a.j.u.JsseSSLManager: SSL session context: per-thread
2025-06-18 07:44:22,224 INFO o.a.j.u.SSLManager: JmeterKeyStore Location:  type JKS
2025-06-18 07:44:22,224 INFO o.a.j.u.SSLManager: KeyStore created OK
2025-06-18 07:44:22,224 WARN o.a.j.u.SSLManager: Keystore file not found, loading empty keystore
2025-06-18 07:44:22,768 INFO o.a.j.t.JMeterThread: Thread started: Login Users 1-2
2025-06-18 07:44:23,460 INFO o.a.j.t.JMeterThread: Thread is done: Login Users 1-1
2025-06-18 07:44:23,460 INFO o.a.j.t.JMeterThread: Thread finished: Login Users 1-1
2025-06-18 07:44:23,762 INFO o.a.j.t.JMeterThread: Thread started: Login Users 1-3
2025-06-18 07:44:23,794 INFO o.a.j.t.JMeterThread: Thread is done: Login Users 1-2
2025-06-18 07:44:23,794 INFO o.a.j.t.JMeterThread: Thread finished: Login Users 1-2
2025-06-18 07:44:24,674 INFO o.a.j.t.JMeterThread: Thread is done: Login Users 1-3
2025-06-18 07:44:24,674 INFO o.a.j.t.JMeterThread: Thread finished: Login Users 1-3
2025-06-18 07:44:24,754 INFO o.a.j.t.JMeterThread: Thread started: Login Users 1-4
2025-06-18 07:44:25,389 INFO o.a.j.t.JMeterThread: Thread is done: Login Users 1-4
2025-06-18 07:44:25,389 INFO o.a.j.t.JMeterThread: Thread finished: Login Users 1-4
2025-06-18 07:44:25,749 INFO o.a.j.t.JMeterThread: Thread started: Login Users 1-5
2025-06-18 07:44:26,511 INFO o.a.j.t.JMeterThread: Thread is done: Login Users 1-5
2025-06-18 07:44:26,511 INFO o.a.j.t.JMeterThread: Thread finished: Login Users 1-5
2025-06-18 07:44:26,748 INFO o.a.j.t.JMeterThread: Thread started: Login Users 1-6
2025-06-18 07:44:27,650 INFO o.a.j.t.JMeterThread: Thread is done: Login Users 1-6
2025-06-18 07:44:27,650 INFO o.a.j.t.JMeterThread: Thread finished: Login Users 1-6
2025-06-18 07:44:27,745 INFO o.a.j.t.JMeterThread: Thread started: Login Users 1-7
2025-06-18 07:44:28,402 INFO o.a.j.t.JMeterThread: Thread is done: Login Users 1-7
2025-06-18 07:44:28,403 INFO o.a.j.t.JMeterThread: Thread finished: Login Users 1-7
2025-06-18 07:44:28,746 INFO o.a.j.t.JMeterThread: Thread started: Login Users 1-8
2025-06-18 07:44:29,405 INFO o.a.j.t.JMeterThread: Thread is done: Login Users 1-8
2025-06-18 07:44:29,406 INFO o.a.j.t.JMeterThread: Thread finished: Login Users 1-8
2025-06-18 07:44:29,746 INFO o.a.j.t.JMeterThread: Thread started: Login Users 1-9
2025-06-18 07:44:30,395 INFO o.a.j.r.Summariser: summary +      9 in 00:00:09 =    1.0/s Avg:   866 Min:   631 Max:  1614 Err:     0 (0.00%) Active: 1 Started: 9 Finished: 8
2025-06-18 07:44:30,396 INFO o.a.j.t.JMeterThread: Thread is done: Login Users 1-9
2025-06-18 07:44:30,396 INFO o.a.j.t.JMeterThread: Thread finished: Login Users 1-9
2025-06-18 07:44:30,744 INFO o.a.j.t.JMeterThread: Thread started: Login Users 1-10
2025-06-18 07:44:31,418 INFO o.a.j.t.JMeterThread: Thread is done: Login Users 1-10
2025-06-18 07:44:31,418 INFO o.a.j.t.JMeterThread: Thread finished: Login Users 1-10
2025-06-18 07:44:31,418 INFO o.a.j.e.StandardJMeterEngine: Notifying test listeners of end of test
2025-06-18 07:44:31,418 INFO o.a.j.r.Summariser: summary +      1 in 00:00:01 =    1.0/s Avg:   682 Min:   682 Max:   682 Err:     0 (0.00%) Active: 0 Started: 10 Finished: 10
2025-06-18 07:44:31,434 INFO o.a.j.r.Summariser: summary =     10 in 00:00:10 =    1.0/s Avg:   848 Min:   631 Max:  1614 Err:     0 (0.00%)
2025-06-18 07:44:31,434 INFO o.a.j.JMeter: Generating Dashboard
2025-06-18 07:44:31,437 INFO o.a.j.r.d.ReportGenerator: Flushing result collector before report Generation
2025-06-18 07:44:31,482 INFO o.a.j.r.p.NormalizerSampleConsumer: Using format, 'ms', to parse timeStamp field
2025-06-18 07:44:31,530 INFO o.a.j.r.p.AbstractSampleConsumer: class org.apache.jmeter.report.processor.AggregateConsumer#stopProducing(): beginDate produced 0 samples
2025-06-18 07:44:31,530 INFO o.a.j.r.p.AbstractSampleConsumer: class org.apache.jmeter.report.processor.AggregateConsumer#stopProducing(): endDate produced 0 samples
2025-06-18 07:44:31,546 INFO o.a.j.r.p.AbstractSampleConsumer: class org.apache.jmeter.report.processor.ApdexSummaryConsumer#stopProducing(): apdexSummary produced 0 samples
2025-06-18 07:44:31,546 INFO o.a.j.r.p.AbstractSampleConsumer: class org.apache.jmeter.report.processor.RequestsSummaryConsumer#stopProducing(): requestsSummary produced 0 samples
2025-06-18 07:44:31,546 INFO o.a.j.r.p.AbstractSampleConsumer: class org.apache.jmeter.report.processor.StatisticsSummaryConsumer#stopProducing(): statisticsSummary produced 0 samples
2025-06-18 07:44:31,546 INFO o.a.j.r.p.AbstractSampleConsumer: class org.apache.jmeter.report.processor.Top5ErrorsBySamplerConsumer#stopProducing(): top5ErrorsBySampler produced 0 samples
2025-06-18 07:44:31,546 INFO o.a.j.r.p.AbstractSampleConsumer: class org.apache.jmeter.report.processor.ErrorsSummaryConsumer#stopProducing(): errorsSummary produced 0 samples
2025-06-18 07:44:31,546 INFO o.a.j.r.p.AbstractSampleConsumer: class org.apache.jmeter.report.processor.graph.impl.HitsPerSecondGraphConsumer#stopProducing(): hitsPerSecond produced 0 samples
2025-06-18 07:44:31,609 INFO o.a.j.r.p.AbstractSampleConsumer: class org.apache.jmeter.report.processor.graph.impl.LatencyVSRequestGraphConsumer#stopProducing(): latencyVsRequest produced 0 samples
2025-06-18 07:44:31,609 INFO o.a.j.r.p.AbstractSampleConsumer: class org.apache.jmeter.report.processor.graph.impl.SyntheticResponseTimeDistributionGraphConsumer#stopProducing(): syntheticResponseTimeDistribution produced 0 samples
2025-06-18 07:44:31,609 INFO o.a.j.r.p.AbstractSampleConsumer: class org.apache.jmeter.report.processor.graph.impl.BytesThroughputGraphConsumer#stopProducing(): bytesThroughputOverTime produced 0 samples
2025-06-18 07:44:31,609 INFO o.a.j.r.p.AbstractSampleConsumer: class org.apache.jmeter.report.processor.graph.impl.CodesPerSecondGraphConsumer#stopProducing(): codesPerSecond produced 0 samples
2025-06-18 07:44:31,609 INFO o.a.j.r.p.AbstractSampleConsumer: class org.apache.jmeter.report.processor.graph.impl.ResponseTimeVSRequestGraphConsumer#stopProducing(): responseTimeVsRequest produced 0 samples
2025-06-18 07:44:31,609 INFO o.a.j.r.p.AbstractSampleConsumer: class org.apache.jmeter.report.processor.FilterConsumer#stopProducing(): startIntervalControlerFilter produced 280 samples
2025-06-18 07:44:31,609 INFO o.a.j.r.p.AbstractSampleConsumer: class org.apache.jmeter.report.processor.graph.impl.TotalTPSGraphConsumer#stopProducing(): totalTPS produced 0 samples
2025-06-18 07:44:31,609 INFO o.a.j.r.p.AbstractSampleConsumer: class org.apache.jmeter.report.processor.graph.impl.ActiveThreadsGraphConsumer#stopProducing(): activeThreadsOverTime produced 0 samples
2025-06-18 07:44:31,609 INFO o.a.j.r.p.AbstractSampleConsumer: class org.apache.jmeter.report.processor.graph.impl.TimeVSThreadGraphConsumer#stopProducing(): timeVsThreads produced 0 samples
2025-06-18 07:44:31,609 INFO o.a.j.r.p.AbstractSampleConsumer: class org.apache.jmeter.report.processor.graph.impl.ResponseTimeDistributionGraphConsumer#stopProducing(): responseTimeDistribution produced 0 samples
2025-06-18 07:44:31,609 INFO o.a.j.r.p.AbstractSampleConsumer: class org.apache.jmeter.report.processor.graph.impl.TransactionsPerSecondGraphConsumer#stopProducing(): transactionsPerSecond produced 0 samples
2025-06-18 07:44:31,609 INFO o.a.j.r.p.AbstractSampleConsumer: class org.apache.jmeter.report.processor.graph.impl.ResponseTimePercentilesGraphConsumer#stopProducing(): responseTimePercentiles produced 0 samples
2025-06-18 07:44:31,609 INFO o.a.j.r.p.AbstractSampleConsumer: class org.apache.jmeter.report.processor.graph.impl.ResponseTimePercentilesOverTimeGraphConsumer#stopProducing(): responseTimePercentilesOverTime produced 0 samples
2025-06-18 07:44:31,609 INFO o.a.j.r.p.AbstractSampleConsumer: class org.apache.jmeter.report.processor.graph.impl.ResponseTimeOverTimeGraphConsumer#stopProducing(): responseTimesOverTime produced 0 samples
2025-06-18 07:44:31,609 INFO o.a.j.r.p.AbstractSampleConsumer: class org.apache.jmeter.report.processor.graph.impl.ConnectTimeOverTimeGraphConsumer#stopProducing(): connectTimeOverTime produced 0 samples
2025-06-18 07:44:31,609 INFO o.a.j.r.p.AbstractSampleConsumer: class org.apache.jmeter.report.processor.graph.impl.LatencyOverTimeGraphConsumer#stopProducing(): latenciesOverTime produced 0 samples
2025-06-18 07:44:31,609 INFO o.a.j.r.p.AbstractSampleConsumer: class org.apache.jmeter.report.processor.FilterConsumer#stopProducing(): nameFilter produced 600 samples
2025-06-18 07:44:31,609 INFO o.a.j.r.p.AbstractSampleConsumer: class org.apache.jmeter.report.processor.FilterConsumer#stopProducing(): dateRangeFilter produced 120 samples
2025-06-18 07:44:31,609 INFO o.a.j.r.p.AbstractSampleConsumer: class org.apache.jmeter.report.processor.NormalizerSampleConsumer#stopProducing(): normalizer produced 40 samples
2025-06-18 07:44:31,609 INFO o.a.j.r.p.CsvFileSampleSource: produce(): 40 samples produced in 111ms on channel 0
2025-06-18 07:44:31,609 INFO o.a.j.r.d.ReportGenerator: Exporting data using exporter:'json' of className:'org.apache.jmeter.report.dashboard.JsonExporter'
2025-06-18 07:44:31,672 INFO o.a.j.r.d.JsonExporter: Found data for consumer statisticsSummary in context
2025-06-18 07:44:31,672 INFO o.a.j.r.d.JsonExporter: Creating statistics for overall
2025-06-18 07:44:31,672 INFO o.a.j.r.d.JsonExporter: Creating statistics for other transactions
2025-06-18 07:44:31,672 INFO o.a.j.r.d.JsonExporter: Checking output folder
2025-06-18 07:44:31,672 INFO o.a.j.r.d.JsonExporter: Writing statistics JSON to C:\03JOB SEARCH\04ForgeGuard\ForgeGuard\ForgeScale\jmeter-tests\reports\login_20250618_074419\statistics.json
2025-06-18 07:44:31,720 INFO o.a.j.r.d.ReportGenerator: Exporting data using exporter:'html' of className:'org.apache.jmeter.report.dashboard.HtmlTemplateExporter'
2025-06-18 07:44:31,720 INFO o.a.j.r.d.HtmlTemplateExporter: Will generate dashboard in folder: C:\03JOB SEARCH\04ForgeGuard\ForgeGuard\ForgeScale\jmeter-tests\reports\login_20250618_074419
2025-06-18 07:44:31,847 INFO o.a.j.r.d.HtmlTemplateExporter: Report will be generated in: C:\03JOB SEARCH\04ForgeGuard\ForgeGuard\ForgeScale\jmeter-tests\reports\login_20250618_074419, creating folder structure
2025-06-18 07:44:31,847 INFO o.a.j.r.d.TemplateVisitor: Copying folder from 'C:\Program Files\apache-jmeter-5.6.3\apache-jmeter-5.6.3\bin\report-template' to 'C:\03JOB SEARCH\04ForgeGuard\ForgeGuard\ForgeScale\jmeter-tests\reports\login_20250618_074419', got message: C:\03JOB SEARCH\04ForgeGuard\ForgeGuard\ForgeScale\jmeter-tests\reports\login_20250618_074419, found non empty folder with following content [C:\03JOB SEARCH\04ForgeGuard\ForgeGuard\ForgeScale\jmeter-tests\reports\login_20250618_074419\statistics.json], will be ignored
2025-06-18 07:44:32,196 INFO o.a.j.JMeter: Dashboard generated
